<?xml version="1.0" encoding="UTF-8"?>
<testng-results ignored="0" total="2" passed="2" failed="0" skipped="0">
  <reporter-output>
  </reporter-output>
  <suite started-at="2021-11-02T13:20:35 IST" name="SuiteFB" finished-at="2021-11-02T13:21:12 IST" duration-ms="37827">
    <groups>
    </groups>
    <test started-at="2021-11-02T13:20:35 IST" name="ChromeTest" finished-at="2021-11-02T13:21:12 IST" duration-ms="37827">
      <class name="FacebookVerification.FBverify">
        <test-method is-config="true" signature="launchBrowser(java.lang.String)[pri:0, instance:FacebookVerification.FBverify@9225652]" started-at="2021-11-02T13:20:35 IST" name="launchBrowser" finished-at="2021-11-02T13:20:40 IST" duration-ms="5687" status="PASS">
          <params>
            <param index="0">
              <value>
                <![CDATA[Chrome]]>
              </value>
            </param>
          </params>
          <reporter-output>
          </reporter-output>
        </test-method> <!-- launchBrowser -->
        <test-method is-config="true" signature="beforeClass()[pri:0, instance:FacebookVerification.FBverify@9225652]" started-at="2021-11-02T13:20:40 IST" name="beforeClass" finished-at="2021-11-02T13:20:42 IST" duration-ms="1506" status="PASS">
          <reporter-output>
          </reporter-output>
        </test-method> <!-- beforeClass -->
        <test-method is-config="true" signature="beforeMethod()[pri:0, instance:FacebookVerification.FBverify@9225652]" started-at="2021-11-02T13:20:42 IST" name="beforeMethod" finished-at="2021-11-02T13:20:42 IST" duration-ms="413" status="PASS">
          <reporter-output>
          </reporter-output>
        </test-method> <!-- beforeMethod -->
        <test-method signature="testA()[pri:0, instance:FacebookVerification.FBverify@9225652]" started-at="2021-11-02T13:20:42 IST" name="testA" finished-at="2021-11-02T13:20:42 IST" duration-ms="37" status="PASS">
          <reporter-output>
          </reporter-output>
        </test-method> <!-- testA -->
        <test-method is-config="true" signature="Aftermethod()[pri:0, instance:FacebookVerification.FBverify@9225652]" started-at="2021-11-02T13:20:42 IST" name="Aftermethod" finished-at="2021-11-02T13:20:53 IST" duration-ms="11009" status="PASS">
          <reporter-output>
          </reporter-output>
        </test-method> <!-- Aftermethod -->
        <test-method is-config="true" signature="beforeMethod()[pri:0, instance:FacebookVerification.FBverify@9225652]" started-at="2021-11-02T13:20:53 IST" name="beforeMethod" finished-at="2021-11-02T13:20:54 IST" duration-ms="383" status="PASS">
          <reporter-output>
          </reporter-output>
        </test-method> <!-- beforeMethod -->
        <test-method signature="testB()[pri:0, instance:FacebookVerification.FBverify@9225652]" started-at="2021-11-02T13:20:54 IST" name="testB" finished-at="2021-11-02T13:21:04 IST" duration-ms="10463" status="PASS">
          <reporter-output>
          </reporter-output>
        </test-method> <!-- testB -->
        <test-method is-config="true" signature="Aftermethod()[pri:0, instance:FacebookVerification.FBverify@9225652]" started-at="2021-11-02T13:21:04 IST" name="Aftermethod" finished-at="2021-11-02T13:21:12 IST" duration-ms="7517" status="PASS">
          <reporter-output>
          </reporter-output>
        </test-method> <!-- Aftermethod -->
        <test-method is-config="true" signature="afterClass()[pri:0, instance:FacebookVerification.FBverify@9225652]" started-at="2021-11-02T13:21:12 IST" name="afterClass" finished-at="2021-11-02T13:21:12 IST" duration-ms="753" status="PASS">
          <reporter-output>
          </reporter-output>
        </test-method> <!-- afterClass -->
        <test-method is-config="true" signature="afterTest()[pri:0, instance:FacebookVerification.FBverify@9225652]" started-at="2021-11-02T13:21:12 IST" name="afterTest" finished-at="2021-11-02T13:21:12 IST" duration-ms="0" status="PASS">
          <reporter-output>
          </reporter-output>
        </test-method> <!-- afterTest -->
      </class> <!-- FacebookVerification.FBverify -->
    </test> <!-- ChromeTest -->
  </suite> <!-- SuiteFB -->
</testng-results>
